<?xml version="1.0" encoding="UTF-8"?>
<!-- Generated by org.testng.reporters.JUnitReportReporter -->
<testsuite hostname="DESKTOP-H0OOTPR" failures="0" tests="1" name="com.app.scripts.TC002_Negative_LoginScript" time="2.843" errors="0" timestamp="2021-07-08T15:45:03 BST" skipped="0">
  <testcase classname="com.app.scripts.TC002_Negative_LoginScript" name="LoginNegativeTest" time="2.843"/>
  <system-out/>
</testsuite> <!-- com.app.scripts.TC002_Negative_LoginScript -->
