<?xml version="1.0" encoding="UTF-8"?>
<!-- Generated by org.testng.reporters.JUnitReportReporter -->
<testsuite hostname="DESKTOP-H0OOTPR" failures="0" tests="1" name="com.app.scripts.TC001_Positive_LoginScript" time="7.033" errors="0" timestamp="2021-07-08T15:46:27 BST" skipped="0">
  <testcase classname="com.app.scripts.TC001_Positive_LoginScript" name="LoginPositiveTest" time="7.033"/>
  <system-out/>
</testsuite> <!-- com.app.scripts.TC001_Positive_LoginScript -->
